<?xml version="1.0" encoding="UTF-8"?>
<testng-results ignored="0" total="2" passed="2" failed="0" skipped="0">
  <reporter-output>
  </reporter-output>
  <suite started-at="2023-04-01T13:59:49 IST" name="Default suite" finished-at="2023-04-01T13:59:49 IST" duration-ms="67">
    <groups>
    </groups>
    <test started-at="2023-04-01T13:59:49 IST" name="Default test" finished-at="2023-04-01T13:59:49 IST" duration-ms="67">
      <class name="testNG.test1">
        <test-method is-config="true" signature="beforeClass()[pri:0, instance:testNG.test1@1622f1b]" started-at="2023-04-01T13:59:49 IST" name="beforeClass" finished-at="2023-04-01T13:59:49 IST" duration-ms="9" status="PASS">
          <reporter-output>
          </reporter-output>
        </test-method> <!-- beforeClass -->
        <test-method is-config="true" signature="beforeMethod()[pri:0, instance:testNG.test1@1622f1b]" started-at="2023-04-01T13:59:49 IST" name="beforeMethod" finished-at="2023-04-01T13:59:49 IST" duration-ms="1" status="PASS">
          <reporter-output>
          </reporter-output>
        </test-method> <!-- beforeMethod -->
        <test-method signature="test()[pri:0, instance:testNG.test1@1622f1b]" started-at="2023-04-01T13:59:49 IST" name="test" finished-at="2023-04-01T13:59:49 IST" duration-ms="7" status="PASS">
          <reporter-output>
          </reporter-output>
        </test-method> <!-- test -->
        <test-method is-config="true" signature="afterMethod()[pri:0, instance:testNG.test1@1622f1b]" started-at="2023-04-01T13:59:49 IST" name="afterMethod" finished-at="2023-04-01T13:59:49 IST" duration-ms="1" status="PASS">
          <reporter-output>
          </reporter-output>
        </test-method> <!-- afterMethod -->
        <test-method is-config="true" signature="beforeMethod()[pri:0, instance:testNG.test1@1622f1b]" started-at="2023-04-01T13:59:49 IST" name="beforeMethod" finished-at="2023-04-01T13:59:49 IST" duration-ms="0" status="PASS">
          <reporter-output>
          </reporter-output>
        </test-method> <!-- beforeMethod -->
        <test-method signature="test2()[pri:0, instance:testNG.test1@1622f1b]" started-at="2023-04-01T13:59:49 IST" name="test2" finished-at="2023-04-01T13:59:49 IST" duration-ms="1" status="PASS">
          <reporter-output>
          </reporter-output>
        </test-method> <!-- test2 -->
        <test-method is-config="true" signature="afterClass()[pri:0, instance:testNG.test1@1622f1b]" started-at="2023-04-01T13:59:49 IST" name="afterClass" finished-at="2023-04-01T13:59:49 IST" duration-ms="1" status="PASS">
          <reporter-output>
          </reporter-output>
        </test-method> <!-- afterClass -->
        <test-method is-config="true" signature="afterMethod()[pri:0, instance:testNG.test1@1622f1b]" started-at="2023-04-01T13:59:49 IST" name="afterMethod" finished-at="2023-04-01T13:59:49 IST" duration-ms="0" status="PASS">
          <reporter-output>
          </reporter-output>
        </test-method> <!-- afterMethod -->
      </class> <!-- testNG.test1 -->
    </test> <!-- Default test -->
  </suite> <!-- Default suite -->
</testng-results>
